<?xml version="1.0" encoding="UTF-8"?>
<testsuite xmlns:xsi="http://www.w3.org/2001/XMLSchema-instance" xsi:noNamespaceSchemaLocation="https://maven.apache.org/surefire/maven-surefire-plugin/xsd/surefire-test-report.xsd" name="com.food.ordering.system.order.service.domain.OrderApplicationServiceTest" time="3.199" tests="4" errors="0" skipped="0" failures="3">
  <properties>
[...]
</properties>
  <testcase name="testCreateOrderWithWrongTotalPrice" classname="com.food.ordering.system.order.service.domain.OrderApplicationServiceTest" time="0.123">
    <failure message="expected: &lt;Total price: 250.00 is not equal to Order items total: 200.00!&gt; but was: &lt;Total price: 250.00 is not equal to Order Items total price: 200.00!&gt;" type="org.opentest4j.AssertionFailedError"><![CDATA[org.opentest4j.AssertionFailedError: expected: <Total price: 250.00 is not equal to Order items total: 200.00!> but was: <Total price: 250.00 is not equal to Order Items total price: 200.00!>
	at com.food.ordering.system.order.service.domain.OrderApplicationServiceTest.testCreateOrderWithWrongTotalPrice(OrderApplicationServiceTest.java:164)
]]></failure>
    <system-out><![CDATA[14:00:23.429 [main] DEBUG org.springframework.test.context.BootstrapUtils - Instantiating CacheAwareContextLoaderDelegate from class [org.springframework.test.context.cache.DefaultCacheAwareContextLoaderDelegate]
14:00:23.457 [main] DEBUG org.springframework.test.context.BootstrapUtils - Instantiating BootstrapContext using constructor [public org.springframework.test.context.support.DefaultBootstrapContext(java.lang.Class,org.springframework.test.context.CacheAwareContextLoaderDelegate)]
14:00:23.498 [main] DEBUG org.springframework.test.context.BootstrapUtils - Instantiating TestContextBootstrapper for test class [com.food.ordering.system.order.service.domain.OrderApplicationServiceTest] from class [org.springframework.boot.test.context.SpringBootTestContextBootstrapper]
14:00:23.527 [main] INFO org.springframework.boot.test.context.SpringBootTestContextBootstrapper - Neither @ContextConfiguration nor @ContextHierarchy found for test class [com.food.ordering.system.order.service.domain.OrderApplicationServiceTest], using SpringBootContextLoader
14:00:23.536 [main] DEBUG org.springframework.test.context.support.AbstractContextLoader - Did not detect default resource location for test class [com.food.ordering.system.order.service.domain.OrderApplicationServiceTest]: class path resource [com/food/ordering/system/order/service/domain/OrderApplicationServiceTest-context.xml] does not exist
14:00:23.537 [main] DEBUG org.springframework.test.context.support.AbstractContextLoader - Did not detect default resource location for test class [com.food.ordering.system.order.service.domain.OrderApplicationServiceTest]: class path resource [com/food/ordering/system/order/service/domain/OrderApplicationServiceTestContext.groovy] does not exist
14:00:23.538 [main] INFO org.springframework.test.context.support.AbstractContextLoader - Could not detect default resource locations for test class [com.food.ordering.system.order.service.domain.OrderApplicationServiceTest]: no resource found for suffixes {-context.xml, Context.groovy}.
14:00:23.630 [main] DEBUG org.springframework.test.context.support.ActiveProfilesUtils - Could not find an 'annotation declaring class' for annotation type [org.springframework.test.context.ActiveProfiles] and class [com.food.ordering.system.order.service.domain.OrderApplicationServiceTest]
14:00:23.886 [main] DEBUG org.springframework.boot.test.context.SpringBootTestContextBootstrapper - @TestExecutionListeners is not present for class [com.food.ordering.system.order.service.domain.OrderApplicationServiceTest]: using defaults.
14:00:23.886 [main] INFO org.springframework.boot.test.context.SpringBootTestContextBootstrapper - Loaded default TestExecutionListener class names from location [META-INF/spring.factories]: [org.springframework.boot.test.mock.mockito.MockitoTestExecutionListener, org.springframework.boot.test.mock.mockito.ResetMocksTestExecutionListener, org.springframework.boot.test.autoconfigure.restdocs.RestDocsTestExecutionListener, org.springframework.boot.test.autoconfigure.web.client.MockRestServiceServerResetTestExecutionListener, org.springframework.boot.test.autoconfigure.web.servlet.MockMvcPrintOnlyOnFailureTestExecutionListener, org.springframework.boot.test.autoconfigure.web.servlet.WebDriverTestExecutionListener, org.springframework.boot.test.autoconfigure.webservices.client.MockWebServiceServerTestExecutionListener, org.springframework.test.context.web.ServletTestExecutionListener, org.springframework.test.context.support.DirtiesContextBeforeModesTestExecutionListener, org.springframework.test.context.event.ApplicationEventsTestExecutionListener, org.springframework.test.context.support.DependencyInjectionTestExecutionListener, org.springframework.test.context.support.DirtiesContextTestExecutionListener, org.springframework.test.context.transaction.TransactionalTestExecutionListener, org.springframework.test.context.jdbc.SqlScriptsTestExecutionListener, org.springframework.test.context.event.EventPublishingTestExecutionListener]
14:00:23.901 [main] DEBUG org.springframework.boot.test.context.SpringBootTestContextBootstrapper - Skipping candidate TestExecutionListener [org.springframework.test.context.web.ServletTestExecutionListener] due to a missing dependency. Specify custom listener classes or make the default listener classes and their required dependencies available. Offending class: [javax/servlet/ServletContext]
14:00:23.914 [main] INFO org.springframework.boot.test.context.SpringBootTestContextBootstrapper - Using TestExecutionListeners: [org.springframework.test.context.support.DirtiesContextBeforeModesTestExecutionListener@68034211, org.springframework.test.context.event.ApplicationEventsTestExecutionListener@4f74980d, org.springframework.boot.test.mock.mockito.MockitoTestExecutionListener@6c372fe6, org.springframework.boot.test.autoconfigure.SpringBootDependencyInjectionTestExecutionListener@58594a11, org.springframework.test.context.support.DirtiesContextTestExecutionListener@2a3888c1, org.springframework.test.context.transaction.TransactionalTestExecutionListener@4167d97b, org.springframework.test.context.jdbc.SqlScriptsTestExecutionListener@14fa86ae, org.springframework.test.context.event.EventPublishingTestExecutionListener@6e15fe2, org.springframework.boot.test.mock.mockito.ResetMocksTestExecutionListener@68f1b17f, org.springframework.boot.test.autoconfigure.restdocs.RestDocsTestExecutionListener@1722011b, org.springframework.boot.test.autoconfigure.web.client.MockRestServiceServerResetTestExecutionListener@57ad2aa7, org.springframework.boot.test.autoconfigure.web.servlet.MockMvcPrintOnlyOnFailureTestExecutionListener@5b3f61ff, org.springframework.boot.test.autoconfigure.web.servlet.WebDriverTestExecutionListener@3e2059ae, org.springframework.boot.test.autoconfigure.webservices.client.MockWebServiceServerTestExecutionListener@398dada8]
14:00:23.927 [main] DEBUG org.springframework.test.context.support.DependencyInjectionTestExecutionListener - Performing dependency injection for test context [[DefaultTestContext@3eb81efb testClass = OrderApplicationServiceTest, testInstance = com.food.ordering.system.order.service.domain.OrderApplicationServiceTest@1ae8bcbc, testMethod = [null], testException = [null], mergedContextConfiguration = [MergedContextConfiguration@6cdba6dc testClass = OrderApplicationServiceTest, locations = '{}', classes = '{class com.food.ordering.system.order.service.domain.OrderTestConfiguration}', contextInitializerClasses = '[]', activeProfiles = '{}', propertySourceLocations = '{}', propertySourceProperties = '{org.springframework.boot.test.context.SpringBootTestContextBootstrapper=true}', contextCustomizers = set[org.springframework.boot.test.context.filter.ExcludeFilterContextCustomizer@6631f5ca, org.springframework.boot.test.json.DuplicateJsonObjectContextCustomizerFactory$DuplicateJsonObjectContextCustomizer@27ff5d15, org.springframework.boot.test.mock.mockito.MockitoContextCustomizer@0, org.springframework.boot.test.web.client.TestRestTemplateContextCustomizer@2fd1433e, org.springframework.boot.test.autoconfigure.actuate.metrics.MetricsExportContextCustomizerFactory$DisableMetricExportContextCustomizer@4de4b452, org.springframework.boot.test.autoconfigure.properties.PropertyMappingContextCustomizer@0, org.springframework.boot.test.autoconfigure.web.servlet.WebDriverContextCustomizerFactory$Customizer@32b260fa, org.springframework.boot.test.context.SpringBootTestArgs@1, org.springframework.boot.test.context.SpringBootTestWebEnvironment@48503868], contextLoader = 'org.springframework.boot.test.context.SpringBootContextLoader', parent = [null]], attributes = map['org.springframework.test.context.event.ApplicationEventsTestExecutionListener.recordApplicationEvents' -> false]]].

  .   ____          _            __ _ _
 /\\ / ___'_ __ _ _(_)_ __  __ _ \ \ \ \
( ( )\___ | '_ | '_| | '_ \/ _` | \ \ \ \
 \\/  ___)| |_)| | | | | || (_| |  ) ) ) )
  '  |____| .__|_| |_|_| |_\__, | / / / /
 =========|_|==============|___/=/_/_/_/
 :: Spring Boot ::                (v2.6.7)

2023-02-22 14:00:24.399  INFO 16056 --- [           main] .f.o.s.o.s.d.OrderApplicationServiceTest : Starting OrderApplicationServiceTest using Java 17.0.5 on LAPTOP-797Q0EKU with PID 16056 (started by Enis Halilaj in C:\Users\Enis Halilaj\Desktop\food-ordering-system-ms\order-service\order-domain\order-application-service)
2023-02-22 14:00:24.402  INFO 16056 --- [           main] .f.o.s.o.s.d.OrderApplicationServiceTest : No active profile set, falling back to 1 default profile: "default"
2023-02-22 14:00:26.147  INFO 16056 --- [           main] .f.o.s.o.s.d.OrderApplicationServiceTest : Started OrderApplicationServiceTest in 2.16 seconds (JVM running for 4.066)
]]></system-out>
  </testcase>
  <testcase name="testCreateOrder" classname="com.food.ordering.system.order.service.domain.OrderApplicationServiceTest" time="0.01"/>
  <testcase name="testCreateOrderWithWrongProductPrice" classname="com.food.ordering.system.order.service.domain.OrderApplicationServiceTest" time="0.006">
    <failure message="expected: &lt;Order item price: 60.00 is not valid for product d215b5f8-0249-4dc5-89a3-51fd148cfb48&gt; but was: &lt;Order Item price 60.00 is not valid for product d215b5f8-0249-4dc5-89a3-51fd148cfb48&gt;" type="org.opentest4j.AssertionFailedError"><![CDATA[org.opentest4j.AssertionFailedError: expected: <Order item price: 60.00 is not valid for product d215b5f8-0249-4dc5-89a3-51fd148cfb48> but was: <Order Item price 60.00 is not valid for product d215b5f8-0249-4dc5-89a3-51fd148cfb48>
	at com.food.ordering.system.order.service.domain.OrderApplicationServiceTest.testCreateOrderWithWrongProductPrice(OrderApplicationServiceTest.java:171)
]]></failure>
  </testcase>
  <testcase name="testCreateOrderWithPassiveRestaurant" classname="com.food.ordering.system.order.service.domain.OrderApplicationServiceTest" time="0.009">
    <failure message="expected: &lt;Restaurant with id d215b5f8-0249-4dc5-89a3-51fd148cfb45 is currently not active!&gt; but was: &lt;Restaurant with id d215b5f8-0249-4dc5-89a3-51fd148cfb45 is not active!&gt;" type="org.opentest4j.AssertionFailedError"><![CDATA[org.opentest4j.AssertionFailedError: expected: <Restaurant with id d215b5f8-0249-4dc5-89a3-51fd148cfb45 is currently not active!> but was: <Restaurant with id d215b5f8-0249-4dc5-89a3-51fd148cfb45 is not active!>
	at com.food.ordering.system.order.service.domain.OrderApplicationServiceTest.testCreateOrderWithPassiveRestaurant(OrderApplicationServiceTest.java:186)
]]></failure>
  </testcase>
</testsuite>